<?xml version="1.0" encoding="utf-8" ?>
<!DOCTYPE html PUBLIC "-//W3C//DTD XHTML 1.0 Strict//EN"
        "http://www.w3.org/TR/xhtml1/DTD/xhtml1-strict.dtd">
<html xmlns="http://www.w3.org/1999/xhtml" xml:lang="" lang="">
<head>
  <title>Test Results Report - Test</title>
  <meta http-equiv="Content-Type" content="text/html;charset=utf-8" />
  <meta name="description" content="TestNG unit test results." />
  <link href="reportng.css" rel="stylesheet" type="text/css" />
    <script type="text/javascript" src="reportng.js"></script>
</head>
<body>
<h1>Test</h1>
<p>
  Test duration: 352.572s
</p>



  <table class="resultsTable">
    <tr><th colspan="3" class="header failed">Failed Tests</th></tr>
          <tr>
        <td colspan="3" class="group">com.epam.lab.gmail.GmailTestNegative</td>
      </tr>
            
<tr>
  <td class="method">
                  markAndDelete
      </td>
  <td class="duration">
    39.070s
  </td>
  <td class="result">
        
          <i>Method arguments: </i><span class="arguments">User [login=mykhailo.tsyhanko@gmail.com, password=ReGmiha231]</span><br />
    
            <div class="testOutput">
                        2017-08-04 09:46:51 INFO&nbsp; GmailTestNegative:40 - User [login=mykhailo.tsyhanko@gmail.com, password=ReGmiha231]<br/>
<br />
                                2017-08-04 09:47:30 WARN&nbsp; LoggerListener:25 - MARKANDDELETEFAILURE<br/>
<br />
                                2017-08-04 09:47:30 WARN&nbsp; LoggerListener:26 - org.openqa.selenium.ElementNotVisibleException: element not visible<br/>
&nbsp; (Session info: chrome=59.0.3071.115)<br/>
&nbsp; (Driver info: chromedriver=2.30.477700 (0057494ad8732195794a7b32078424f92a5fce41),platform=Windows NT 10.0.14393 x86_64) (WARNING: The server did not provide any stacktrace information)<br/>
Command duration or timeout: 30.21 seconds<br/>
Build info: version: &apos;3.4.0&apos;, revision: &apos;unknown&apos;, time: &apos;unknown&apos;<br/>
System info: host: &apos;EPUALVIW0358&apos;, ip: &apos;10.25.33.65&apos;, os.name: &apos;Windows 10&apos;, os.arch: &apos;amd64&apos;, os.version: &apos;10.0&apos;, java.version: &apos;1.8.0_131&apos;<br/>
Driver info: org.openqa.selenium.chrome.ChromeDriver<br/>
Capabilities [{applicationCacheEnabled=false, rotatable=false, mobileEmulationEnabled=false, networkConnectionEnabled=false, chrome={chromedriverVersion=2.30.477700 (0057494ad8732195794a7b32078424f92a5fce41), userDataDir=C:\Users\user\AppData\Local\Temp\scoped_dir11088_4000}, takesHeapSnapshot=true, pageLoadStrategy=normal, databaseEnabled=false, handlesAlerts=true, hasTouchScreen=false, version=59.0.3071.115, platform=XP, browserConnectionEnabled=false, nativeEvents=true, acceptSslCerts=true, locationContextEnabled=true, webStorageEnabled=true, browserName=chrome, takesScreenshot=true, javascriptEnabled=true, cssSelectorsEnabled=true, unexpectedAlertBehaviour=}]<br/>
Session ID: 30e04c11b7267141883bb51f8cbcc9b7<br/>
<br />
                  </div>
    

        <a href="javascript:toggleElement('exception-0', 'block')" title="Click to expand/collapse"><b>org.openqa.selenium.ElementNotVisibleException: element not visible<br/>
&nbsp; (Session info: chrome=59.0.3071.115)<br/>
&nbsp; (Driver info: chromedriver=2.30.477700 (0057494ad8732195794a7b32078424f92a5fce41),platform=Windows NT 10.0.14393 x86_64) (WARNING: The server did not provide any stacktrace information)<br/>
Command duration or timeout: 30.21 seconds<br/>
Build info: version: &apos;3.4.0&apos;, revision: &apos;unknown&apos;, time: &apos;unknown&apos;<br/>
System info: host: &apos;EPUALVIW0358&apos;, ip: &apos;10.25.33.65&apos;, os.name: &apos;Windows 10&apos;, os.arch: &apos;amd64&apos;, os.version: &apos;10.0&apos;, java.version: &apos;1.8.0_131&apos;<br/>
Driver info: org.openqa.selenium.chrome.ChromeDriver<br/>
Capabilities [{applicationCacheEnabled=false, rotatable=false, mobileEmulationEnabled=false, networkConnectionEnabled=false, chrome={chromedriverVersion=2.30.477700 (0057494ad8732195794a7b32078424f92a5fce41), userDataDir=C:\Users\user\AppData\Local\Temp\scoped_dir11088_4000}, takesHeapSnapshot=true, pageLoadStrategy=normal, databaseEnabled=false, handlesAlerts=true, hasTouchScreen=false, version=59.0.3071.115, platform=XP, browserConnectionEnabled=false, nativeEvents=true, acceptSslCerts=true, locationContextEnabled=true, webStorageEnabled=true, browserName=chrome, takesScreenshot=true, javascriptEnabled=true, cssSelectorsEnabled=true, unexpectedAlertBehaviour=}]<br/>
Session ID: 30e04c11b7267141883bb51f8cbcc9b7</b></a><br />
    <div class="stackTrace" id="exception-0">
              sun.reflect.NativeConstructorAccessorImpl.newInstance0(Native Method)<br />
              sun.reflect.NativeConstructorAccessorImpl.newInstance(NativeConstructorAccessorImpl.java:62)<br />
              sun.reflect.DelegatingConstructorAccessorImpl.newInstance(DelegatingConstructorAccessorImpl.java:45)<br />
              java.lang.reflect.Constructor.newInstance(Constructor.java:423)<br />
              org.openqa.selenium.remote.ErrorHandler.createThrowable(ErrorHandler.java:215)<br />
              org.openqa.selenium.remote.ErrorHandler.throwIfResponseFailed(ErrorHandler.java:167)<br />
              org.openqa.selenium.remote.RemoteWebDriver.execute(RemoteWebDriver.java:671)<br />
              org.openqa.selenium.remote.RemoteWebElement.execute(RemoteWebElement.java:272)<br />
              org.openqa.selenium.remote.RemoteWebElement.sendKeys(RemoteWebElement.java:96)<br />
              sun.reflect.NativeMethodAccessorImpl.invoke0(Native Method)<br />
              sun.reflect.NativeMethodAccessorImpl.invoke(NativeMethodAccessorImpl.java:62)<br />
              sun.reflect.DelegatingMethodAccessorImpl.invoke(DelegatingMethodAccessorImpl.java:43)<br />
              java.lang.reflect.Method.invoke(Method.java:498)<br />
              org.openqa.selenium.support.pagefactory.internal.LocatingElementHandler.invoke(LocatingElementHandler.java:51)<br />
              com.sun.proxy.$Proxy13.sendKeys(Unknown Source)<br />
              com.epam.lab.gmail.elements.InputText.sendKeys(InputText.java:15)<br />
              com.epam.lab.gmail.pages.GmailLoginPage.typePasswordAndSubmit(GmailLoginPage.java:51)<br />
              com.epam.lab.gmail.bisnes_objects.LoginBO.loginAs(LoginBO.java:14)<br />
              com.epam.lab.gmail.GmailTestNegative.markAndDelete(GmailTestNegative.java:44)<br />
              sun.reflect.NativeMethodAccessorImpl.invoke0(Native Method)<br />
              sun.reflect.NativeMethodAccessorImpl.invoke(NativeMethodAccessorImpl.java:62)<br />
              sun.reflect.DelegatingMethodAccessorImpl.invoke(DelegatingMethodAccessorImpl.java:43)<br />
              java.lang.reflect.Method.invoke(Method.java:498)<br />
              org.testng.internal.MethodInvocationHelper.invokeMethod(MethodInvocationHelper.java:108)<br />
              org.testng.internal.Invoker.invokeMethod(Invoker.java:661)<br />
              org.testng.internal.Invoker.invokeTestMethod(Invoker.java:869)<br />
              org.testng.internal.TestMethodWithDataProviderMethodWorker.call(TestMethodWithDataProviderMethodWorker.java:75)<br />
              org.testng.internal.TestMethodWithDataProviderMethodWorker.call(TestMethodWithDataProviderMethodWorker.java:14)<br />
              java.util.concurrent.FutureTask.run(FutureTask.java:266)<br />
              java.util.concurrent.Executors$RunnableAdapter.call(Executors.java:511)<br />
              java.util.concurrent.FutureTask.run(FutureTask.java:266)<br />
              java.util.concurrent.ThreadPoolExecutor.runWorker(ThreadPoolExecutor.java:1142)<br />
              java.util.concurrent.ThreadPoolExecutor$Worker.run(ThreadPoolExecutor.java:617)<br />
              java.lang.Thread.run(Thread.java:748)<br />
                </div>
      </td>
</tr>
<tr>
  <td class="method">
                  markAndDelete
      </td>
  <td class="duration">
    21.148s
  </td>
  <td class="result">
        
          <i>Method arguments: </i><span class="arguments">User [login=novacug.cucumber@gmail.com, password=GigurdaZargeng38]</span><br />
    
            <div class="testOutput">
                        2017-08-04 09:46:51 INFO&nbsp; GmailTestNegative:40 - User [login=novacug.cucumber@gmail.com, password=GigurdaZargeng38]<br/>
<br />
                                2017-08-04 09:47:09 INFO&nbsp; GmailTestNegative:50 - Marked Messages[Message [sender=Micle Tsyganko, topic=Life is lisfe, date=26 ????? 2017 ?. ? 00:39]]<br/>
<br />
                                2017-08-04 09:47:12 WARN&nbsp; LoggerListener:25 - MARKANDDELETEFAILURE<br/>
<br />
                                2017-08-04 09:47:12 WARN&nbsp; LoggerListener:26 - java.lang.AssertionError: expected [true] but found [false]<br/>
<br />
                  </div>
    

        <a href="javascript:toggleElement('exception-1', 'block')" title="Click to expand/collapse"><b>java.lang.AssertionError: expected [true] but found [false]</b></a><br />
    <div class="stackTrace" id="exception-1">
              org.testng.Assert.fail(Assert.java:93)<br />
              org.testng.Assert.failNotEquals(Assert.java:512)<br />
              org.testng.Assert.assertTrue(Assert.java:41)<br />
              org.testng.Assert.assertTrue(Assert.java:51)<br />
              com.epam.lab.gmail.GmailTestNegative.markAndDelete(GmailTestNegative.java:56)<br />
              sun.reflect.NativeMethodAccessorImpl.invoke0(Native Method)<br />
              sun.reflect.NativeMethodAccessorImpl.invoke(NativeMethodAccessorImpl.java:62)<br />
              sun.reflect.DelegatingMethodAccessorImpl.invoke(DelegatingMethodAccessorImpl.java:43)<br />
              java.lang.reflect.Method.invoke(Method.java:498)<br />
              org.testng.internal.MethodInvocationHelper.invokeMethod(MethodInvocationHelper.java:108)<br />
              org.testng.internal.Invoker.invokeMethod(Invoker.java:661)<br />
              org.testng.internal.Invoker.invokeTestMethod(Invoker.java:869)<br />
              org.testng.internal.TestMethodWithDataProviderMethodWorker.call(TestMethodWithDataProviderMethodWorker.java:75)<br />
              org.testng.internal.TestMethodWithDataProviderMethodWorker.call(TestMethodWithDataProviderMethodWorker.java:14)<br />
              java.util.concurrent.FutureTask.run(FutureTask.java:266)<br />
              java.util.concurrent.Executors$RunnableAdapter.call(Executors.java:511)<br />
              java.util.concurrent.FutureTask.run(FutureTask.java:266)<br />
              java.util.concurrent.ThreadPoolExecutor.runWorker(ThreadPoolExecutor.java:1142)<br />
              java.util.concurrent.ThreadPoolExecutor$Worker.run(ThreadPoolExecutor.java:617)<br />
              java.lang.Thread.run(Thread.java:748)<br />
                </div>
      </td>
</tr>
<tr>
  <td class="method">
                  markAndDelete
      </td>
  <td class="duration">
    23.819s
  </td>
  <td class="result">
        
          <i>Method arguments: </i><span class="arguments">User [login=Micle.AutomationBudda2017@gmail.com, password=TheSkyIsShiningBricly1]</span><br />
    
            <div class="testOutput">
                        2017-08-04 09:46:51 INFO&nbsp; GmailTestNegative:40 - User [login=Micle.AutomationBudda2017@gmail.com, password=TheSkyIsShiningBricly1]<br/>
<br />
                                2017-08-04 09:47:08 INFO&nbsp; GmailTestNegative:50 - Marked Messages[Message [sender=Test Test, topic=1501024884240This is, date=26 ????? 2017 ?. ? 02:21]]<br/>
<br />
                                2017-08-04 09:47:15 WARN&nbsp; LoggerListener:25 - MARKANDDELETEFAILURE<br/>
<br />
                                2017-08-04 09:47:15 WARN&nbsp; LoggerListener:26 - java.lang.AssertionError: expected [true] but found [false]<br/>
<br />
                  </div>
    

        <a href="javascript:toggleElement('exception-2', 'block')" title="Click to expand/collapse"><b>java.lang.AssertionError: expected [true] but found [false]</b></a><br />
    <div class="stackTrace" id="exception-2">
              org.testng.Assert.fail(Assert.java:93)<br />
              org.testng.Assert.failNotEquals(Assert.java:512)<br />
              org.testng.Assert.assertTrue(Assert.java:41)<br />
              org.testng.Assert.assertTrue(Assert.java:51)<br />
              com.epam.lab.gmail.GmailTestNegative.markAndDelete(GmailTestNegative.java:56)<br />
              sun.reflect.NativeMethodAccessorImpl.invoke0(Native Method)<br />
              sun.reflect.NativeMethodAccessorImpl.invoke(NativeMethodAccessorImpl.java:62)<br />
              sun.reflect.DelegatingMethodAccessorImpl.invoke(DelegatingMethodAccessorImpl.java:43)<br />
              java.lang.reflect.Method.invoke(Method.java:498)<br />
              org.testng.internal.MethodInvocationHelper.invokeMethod(MethodInvocationHelper.java:108)<br />
              org.testng.internal.Invoker.invokeMethod(Invoker.java:661)<br />
              org.testng.internal.Invoker.invokeTestMethod(Invoker.java:869)<br />
              org.testng.internal.TestMethodWithDataProviderMethodWorker.call(TestMethodWithDataProviderMethodWorker.java:75)<br />
              org.testng.internal.TestMethodWithDataProviderMethodWorker.call(TestMethodWithDataProviderMethodWorker.java:14)<br />
              java.util.concurrent.FutureTask.run(FutureTask.java:266)<br />
              java.util.concurrent.Executors$RunnableAdapter.call(Executors.java:511)<br />
              java.util.concurrent.FutureTask.run(FutureTask.java:266)<br />
              java.util.concurrent.ThreadPoolExecutor.runWorker(ThreadPoolExecutor.java:1142)<br />
              java.util.concurrent.ThreadPoolExecutor$Worker.run(ThreadPoolExecutor.java:617)<br />
              java.lang.Thread.run(Thread.java:748)<br />
                </div>
      </td>
</tr>
<tr>
  <td class="method">
                  markAndDelete
      </td>
  <td class="duration">
    40.233s
  </td>
  <td class="result">
        
          <i>Method arguments: </i><span class="arguments">User [login=taras.tsyhanko.tk.2014@lpnu.ua, password=05.10.1996]</span><br />
    
            <div class="testOutput">
                        2017-08-04 09:46:51 INFO&nbsp; GmailTestNegative:40 - User [login=taras.tsyhanko.tk.2014@lpnu.ua, password=05.10.1996]<br/>
<br />
                                2017-08-04 09:47:31 WARN&nbsp; LoggerListener:25 - MARKANDDELETEFAILURE<br/>
<br />
                                2017-08-04 09:47:31 WARN&nbsp; LoggerListener:26 - org.openqa.selenium.ElementNotVisibleException: element not visible<br/>
&nbsp; (Session info: chrome=59.0.3071.115)<br/>
&nbsp; (Driver info: chromedriver=2.30.477700 (0057494ad8732195794a7b32078424f92a5fce41),platform=Windows NT 10.0.14393 x86_64) (WARNING: The server did not provide any stacktrace information)<br/>
Command duration or timeout: 30.10 seconds<br/>
Build info: version: &apos;3.4.0&apos;, revision: &apos;unknown&apos;, time: &apos;unknown&apos;<br/>
System info: host: &apos;EPUALVIW0358&apos;, ip: &apos;10.25.33.65&apos;, os.name: &apos;Windows 10&apos;, os.arch: &apos;amd64&apos;, os.version: &apos;10.0&apos;, java.version: &apos;1.8.0_131&apos;<br/>
Driver info: org.openqa.selenium.chrome.ChromeDriver<br/>
Capabilities [{applicationCacheEnabled=false, rotatable=false, mobileEmulationEnabled=false, networkConnectionEnabled=false, chrome={chromedriverVersion=2.30.477700 (0057494ad8732195794a7b32078424f92a5fce41), userDataDir=C:\Users\user\AppData\Local\Temp\scoped_dir10184_10996}, takesHeapSnapshot=true, pageLoadStrategy=normal, databaseEnabled=false, handlesAlerts=true, hasTouchScreen=false, version=59.0.3071.115, platform=XP, browserConnectionEnabled=false, nativeEvents=true, acceptSslCerts=true, locationContextEnabled=true, webStorageEnabled=true, browserName=chrome, takesScreenshot=true, javascriptEnabled=true, cssSelectorsEnabled=true, unexpectedAlertBehaviour=}]<br/>
Session ID: 7d9f537b76ed896eef7a193e99ad360a<br/>
<br />
                  </div>
    

        <a href="javascript:toggleElement('exception-3', 'block')" title="Click to expand/collapse"><b>org.openqa.selenium.ElementNotVisibleException: element not visible<br/>
&nbsp; (Session info: chrome=59.0.3071.115)<br/>
&nbsp; (Driver info: chromedriver=2.30.477700 (0057494ad8732195794a7b32078424f92a5fce41),platform=Windows NT 10.0.14393 x86_64) (WARNING: The server did not provide any stacktrace information)<br/>
Command duration or timeout: 30.10 seconds<br/>
Build info: version: &apos;3.4.0&apos;, revision: &apos;unknown&apos;, time: &apos;unknown&apos;<br/>
System info: host: &apos;EPUALVIW0358&apos;, ip: &apos;10.25.33.65&apos;, os.name: &apos;Windows 10&apos;, os.arch: &apos;amd64&apos;, os.version: &apos;10.0&apos;, java.version: &apos;1.8.0_131&apos;<br/>
Driver info: org.openqa.selenium.chrome.ChromeDriver<br/>
Capabilities [{applicationCacheEnabled=false, rotatable=false, mobileEmulationEnabled=false, networkConnectionEnabled=false, chrome={chromedriverVersion=2.30.477700 (0057494ad8732195794a7b32078424f92a5fce41), userDataDir=C:\Users\user\AppData\Local\Temp\scoped_dir10184_10996}, takesHeapSnapshot=true, pageLoadStrategy=normal, databaseEnabled=false, handlesAlerts=true, hasTouchScreen=false, version=59.0.3071.115, platform=XP, browserConnectionEnabled=false, nativeEvents=true, acceptSslCerts=true, locationContextEnabled=true, webStorageEnabled=true, browserName=chrome, takesScreenshot=true, javascriptEnabled=true, cssSelectorsEnabled=true, unexpectedAlertBehaviour=}]<br/>
Session ID: 7d9f537b76ed896eef7a193e99ad360a</b></a><br />
    <div class="stackTrace" id="exception-3">
              sun.reflect.NativeConstructorAccessorImpl.newInstance0(Native Method)<br />
              sun.reflect.NativeConstructorAccessorImpl.newInstance(NativeConstructorAccessorImpl.java:62)<br />
              sun.reflect.DelegatingConstructorAccessorImpl.newInstance(DelegatingConstructorAccessorImpl.java:45)<br />
              java.lang.reflect.Constructor.newInstance(Constructor.java:423)<br />
              org.openqa.selenium.remote.ErrorHandler.createThrowable(ErrorHandler.java:215)<br />
              org.openqa.selenium.remote.ErrorHandler.throwIfResponseFailed(ErrorHandler.java:167)<br />
              org.openqa.selenium.remote.RemoteWebDriver.execute(RemoteWebDriver.java:671)<br />
              org.openqa.selenium.remote.RemoteWebElement.execute(RemoteWebElement.java:272)<br />
              org.openqa.selenium.remote.RemoteWebElement.sendKeys(RemoteWebElement.java:96)<br />
              sun.reflect.GeneratedMethodAccessor11.invoke(Unknown Source)<br />
              sun.reflect.DelegatingMethodAccessorImpl.invoke(DelegatingMethodAccessorImpl.java:43)<br />
              java.lang.reflect.Method.invoke(Method.java:498)<br />
              org.openqa.selenium.support.pagefactory.internal.LocatingElementHandler.invoke(LocatingElementHandler.java:51)<br />
              com.sun.proxy.$Proxy13.sendKeys(Unknown Source)<br />
              com.epam.lab.gmail.elements.InputText.sendKeys(InputText.java:15)<br />
              com.epam.lab.gmail.pages.GmailLoginPage.typePasswordAndSubmit(GmailLoginPage.java:51)<br />
              com.epam.lab.gmail.bisnes_objects.LoginBO.loginAs(LoginBO.java:14)<br />
              com.epam.lab.gmail.GmailTestNegative.markAndDelete(GmailTestNegative.java:44)<br />
              sun.reflect.NativeMethodAccessorImpl.invoke0(Native Method)<br />
              sun.reflect.NativeMethodAccessorImpl.invoke(NativeMethodAccessorImpl.java:62)<br />
              sun.reflect.DelegatingMethodAccessorImpl.invoke(DelegatingMethodAccessorImpl.java:43)<br />
              java.lang.reflect.Method.invoke(Method.java:498)<br />
              org.testng.internal.MethodInvocationHelper.invokeMethod(MethodInvocationHelper.java:108)<br />
              org.testng.internal.Invoker.invokeMethod(Invoker.java:661)<br />
              org.testng.internal.Invoker.invokeTestMethod(Invoker.java:869)<br />
              org.testng.internal.TestMethodWithDataProviderMethodWorker.call(TestMethodWithDataProviderMethodWorker.java:75)<br />
              org.testng.internal.TestMethodWithDataProviderMethodWorker.call(TestMethodWithDataProviderMethodWorker.java:14)<br />
              java.util.concurrent.FutureTask.run(FutureTask.java:266)<br />
              java.util.concurrent.Executors$RunnableAdapter.call(Executors.java:511)<br />
              java.util.concurrent.FutureTask.run(FutureTask.java:266)<br />
              java.util.concurrent.ThreadPoolExecutor.runWorker(ThreadPoolExecutor.java:1142)<br />
              java.util.concurrent.ThreadPoolExecutor$Worker.run(ThreadPoolExecutor.java:617)<br />
              java.lang.Thread.run(Thread.java:748)<br />
                </div>
      </td>
</tr>
<tr>
  <td class="method">
                  markAndDelete
      </td>
  <td class="duration">
    40.101s
  </td>
  <td class="result">
        
          <i>Method arguments: </i><span class="arguments">User [login=SelTestTsyganko@gmail.com, password=Selenium1]</span><br />
    
            <div class="testOutput">
                        2017-08-04 09:46:51 INFO&nbsp; GmailTestNegative:40 - User [login=SelTestTsyganko@gmail.com, password=Selenium1]<br/>
<br />
                                2017-08-04 09:47:31 WARN&nbsp; LoggerListener:25 - MARKANDDELETEFAILURE<br/>
<br />
                                2017-08-04 09:47:31 WARN&nbsp; LoggerListener:26 - org.openqa.selenium.ElementNotVisibleException: element not visible<br/>
&nbsp; (Session info: chrome=59.0.3071.115)<br/>
&nbsp; (Driver info: chromedriver=2.30.477700 (0057494ad8732195794a7b32078424f92a5fce41),platform=Windows NT 10.0.14393 x86_64) (WARNING: The server did not provide any stacktrace information)<br/>
Command duration or timeout: 30.01 seconds<br/>
Build info: version: &apos;3.4.0&apos;, revision: &apos;unknown&apos;, time: &apos;unknown&apos;<br/>
System info: host: &apos;EPUALVIW0358&apos;, ip: &apos;10.25.33.65&apos;, os.name: &apos;Windows 10&apos;, os.arch: &apos;amd64&apos;, os.version: &apos;10.0&apos;, java.version: &apos;1.8.0_131&apos;<br/>
Driver info: org.openqa.selenium.chrome.ChromeDriver<br/>
Capabilities [{applicationCacheEnabled=false, rotatable=false, mobileEmulationEnabled=false, networkConnectionEnabled=false, chrome={chromedriverVersion=2.30.477700 (0057494ad8732195794a7b32078424f92a5fce41), userDataDir=C:\Users\user\AppData\Local\Temp\scoped_dir7352_19403}, takesHeapSnapshot=true, pageLoadStrategy=normal, databaseEnabled=false, handlesAlerts=true, hasTouchScreen=false, version=59.0.3071.115, platform=XP, browserConnectionEnabled=false, nativeEvents=true, acceptSslCerts=true, locationContextEnabled=true, webStorageEnabled=true, browserName=chrome, takesScreenshot=true, javascriptEnabled=true, cssSelectorsEnabled=true, unexpectedAlertBehaviour=}]<br/>
Session ID: ba1acd78dbe33d0d1aeb7b34704823d6<br/>
<br />
                  </div>
    

        <a href="javascript:toggleElement('exception-4', 'block')" title="Click to expand/collapse"><b>org.openqa.selenium.ElementNotVisibleException: element not visible<br/>
&nbsp; (Session info: chrome=59.0.3071.115)<br/>
&nbsp; (Driver info: chromedriver=2.30.477700 (0057494ad8732195794a7b32078424f92a5fce41),platform=Windows NT 10.0.14393 x86_64) (WARNING: The server did not provide any stacktrace information)<br/>
Command duration or timeout: 30.01 seconds<br/>
Build info: version: &apos;3.4.0&apos;, revision: &apos;unknown&apos;, time: &apos;unknown&apos;<br/>
System info: host: &apos;EPUALVIW0358&apos;, ip: &apos;10.25.33.65&apos;, os.name: &apos;Windows 10&apos;, os.arch: &apos;amd64&apos;, os.version: &apos;10.0&apos;, java.version: &apos;1.8.0_131&apos;<br/>
Driver info: org.openqa.selenium.chrome.ChromeDriver<br/>
Capabilities [{applicationCacheEnabled=false, rotatable=false, mobileEmulationEnabled=false, networkConnectionEnabled=false, chrome={chromedriverVersion=2.30.477700 (0057494ad8732195794a7b32078424f92a5fce41), userDataDir=C:\Users\user\AppData\Local\Temp\scoped_dir7352_19403}, takesHeapSnapshot=true, pageLoadStrategy=normal, databaseEnabled=false, handlesAlerts=true, hasTouchScreen=false, version=59.0.3071.115, platform=XP, browserConnectionEnabled=false, nativeEvents=true, acceptSslCerts=true, locationContextEnabled=true, webStorageEnabled=true, browserName=chrome, takesScreenshot=true, javascriptEnabled=true, cssSelectorsEnabled=true, unexpectedAlertBehaviour=}]<br/>
Session ID: ba1acd78dbe33d0d1aeb7b34704823d6</b></a><br />
    <div class="stackTrace" id="exception-4">
              sun.reflect.NativeConstructorAccessorImpl.newInstance0(Native Method)<br />
              sun.reflect.NativeConstructorAccessorImpl.newInstance(NativeConstructorAccessorImpl.java:62)<br />
              sun.reflect.DelegatingConstructorAccessorImpl.newInstance(DelegatingConstructorAccessorImpl.java:45)<br />
              java.lang.reflect.Constructor.newInstance(Constructor.java:423)<br />
              org.openqa.selenium.remote.ErrorHandler.createThrowable(ErrorHandler.java:215)<br />
              org.openqa.selenium.remote.ErrorHandler.throwIfResponseFailed(ErrorHandler.java:167)<br />
              org.openqa.selenium.remote.RemoteWebDriver.execute(RemoteWebDriver.java:671)<br />
              org.openqa.selenium.remote.RemoteWebElement.execute(RemoteWebElement.java:272)<br />
              org.openqa.selenium.remote.RemoteWebElement.sendKeys(RemoteWebElement.java:96)<br />
              sun.reflect.GeneratedMethodAccessor11.invoke(Unknown Source)<br />
              sun.reflect.DelegatingMethodAccessorImpl.invoke(DelegatingMethodAccessorImpl.java:43)<br />
              java.lang.reflect.Method.invoke(Method.java:498)<br />
              org.openqa.selenium.support.pagefactory.internal.LocatingElementHandler.invoke(LocatingElementHandler.java:51)<br />
              com.sun.proxy.$Proxy13.sendKeys(Unknown Source)<br />
              com.epam.lab.gmail.elements.InputText.sendKeys(InputText.java:15)<br />
              com.epam.lab.gmail.pages.GmailLoginPage.typePasswordAndSubmit(GmailLoginPage.java:51)<br />
              com.epam.lab.gmail.bisnes_objects.LoginBO.loginAs(LoginBO.java:14)<br />
              com.epam.lab.gmail.GmailTestNegative.markAndDelete(GmailTestNegative.java:44)<br />
              sun.reflect.NativeMethodAccessorImpl.invoke0(Native Method)<br />
              sun.reflect.NativeMethodAccessorImpl.invoke(NativeMethodAccessorImpl.java:62)<br />
              sun.reflect.DelegatingMethodAccessorImpl.invoke(DelegatingMethodAccessorImpl.java:43)<br />
              java.lang.reflect.Method.invoke(Method.java:498)<br />
              org.testng.internal.MethodInvocationHelper.invokeMethod(MethodInvocationHelper.java:108)<br />
              org.testng.internal.Invoker.invokeMethod(Invoker.java:661)<br />
              org.testng.internal.Invoker.invokeTestMethod(Invoker.java:869)<br />
              org.testng.internal.TestMethodWithDataProviderMethodWorker.call(TestMethodWithDataProviderMethodWorker.java:75)<br />
              org.testng.internal.TestMethodWithDataProviderMethodWorker.call(TestMethodWithDataProviderMethodWorker.java:14)<br />
              java.util.concurrent.FutureTask.run(FutureTask.java:266)<br />
              java.util.concurrent.Executors$RunnableAdapter.call(Executors.java:511)<br />
              java.util.concurrent.FutureTask.run(FutureTask.java:266)<br />
              java.util.concurrent.ThreadPoolExecutor.runWorker(ThreadPoolExecutor.java:1142)<br />
              java.util.concurrent.ThreadPoolExecutor$Worker.run(ThreadPoolExecutor.java:617)<br />
              java.lang.Thread.run(Thread.java:748)<br />
                </div>
      </td>
</tr>
      </table>


  <table class="resultsTable">
    <tr><th colspan="3" class="header passed">Passed Tests</th></tr>
          <tr>
        <td colspan="3" class="group">com.epam.lab.gmail.GmailTest</td>
      </tr>
            
<tr>
  <td class="method">
                  markMessagesToImportantAndDelete
      </td>
  <td class="duration">
    32.540s
  </td>
  <td class="result">
        
          <i>Method arguments: </i><span class="arguments">User [login=mykhailo.tsyhanko@gmail.com, password=ReGmiha231]</span><br />
    
            <div class="testOutput">
                        2017-08-04 09:46:09 INFO&nbsp; GmailTest:40 - User [login=mykhailo.tsyhanko@gmail.com, password=ReGmiha231]<br/>
<br />
                                2017-08-04 09:46:39 INFO&nbsp; GmailTest:50 - Marked Messages[Message [sender=????? ???????, topic=Zapovit, date=26 ????? 2017 ?. ? 01:11]]<br/>
<br />
                                2017-08-04 09:46:42 INFO&nbsp; LoggerListener:19 - [TESTCLASS NAME=CLASS COM.EPAM.LAB.GMAIL.GMAILTEST]<br/>
<br />
                  </div>
    

      </td>
</tr>
<tr>
  <td class="method">
                  markMessagesToImportantAndDelete
      </td>
  <td class="duration">
    36.568s
  </td>
  <td class="result">
        
          <i>Method arguments: </i><span class="arguments">User [login=novacug.cucumber@gmail.com, password=GigurdaZargeng38]</span><br />
    
            <div class="testOutput">
                        2017-08-04 09:46:09 INFO&nbsp; GmailTest:40 - User [login=novacug.cucumber@gmail.com, password=GigurdaZargeng38]<br/>
<br />
                                2017-08-04 09:46:44 INFO&nbsp; GmailTest:50 - Marked Messages[Message [sender=Micle Tsyganko, topic=What the ....., date=26 ????? 2017 ?. ? 00:41]]<br/>
<br />
                                2017-08-04 09:46:46 INFO&nbsp; LoggerListener:19 - [TESTCLASS NAME=CLASS COM.EPAM.LAB.GMAIL.GMAILTEST]<br/>
<br />
                  </div>
    

      </td>
</tr>
<tr>
  <td class="method">
                  markMessagesToImportantAndDelete
      </td>
  <td class="duration">
    29.309s
  </td>
  <td class="result">
        
          <i>Method arguments: </i><span class="arguments">User [login=taras.tsyhanko.tk.2014@lpnu.ua, password=05.10.1996]</span><br />
    
            <div class="testOutput">
                        2017-08-04 09:46:09 INFO&nbsp; GmailTest:40 - User [login=taras.tsyhanko.tk.2014@lpnu.ua, password=05.10.1996]<br/>
<br />
                                2017-08-04 09:46:26 INFO&nbsp; GmailTest:50 - Marked Messages[Message [sender=?, topic=Zapovit, date=26 ????? 2017 ?. ? 01:11]]<br/>
<br />
                                2017-08-04 09:46:38 INFO&nbsp; LoggerListener:19 - [TESTCLASS NAME=CLASS COM.EPAM.LAB.GMAIL.GMAILTEST]<br/>
<br />
                  </div>
    

      </td>
</tr>
<tr>
  <td class="method">
                  markMessagesToImportantAndDelete
      </td>
  <td class="duration">
    39.025s
  </td>
  <td class="result">
        
          <i>Method arguments: </i><span class="arguments">User [login=Micle.AutomationBudda2017@gmail.com, password=TheSkyIsShiningBricly1]</span><br />
    
            <div class="testOutput">
                        2017-08-04 09:46:09 INFO&nbsp; GmailTest:40 - User [login=Micle.AutomationBudda2017@gmail.com, password=TheSkyIsShiningBricly1]<br/>
<br />
                                2017-08-04 09:46:43 INFO&nbsp; GmailTest:50 - Marked Messages[Message [sender=Test Test, topic=1501024905290This is, date=26 ????? 2017 ?. ? 02:21]]<br/>
<br />
                                2017-08-04 09:46:48 INFO&nbsp; LoggerListener:19 - [TESTCLASS NAME=CLASS COM.EPAM.LAB.GMAIL.GMAILTEST]<br/>
<br />
                  </div>
    

      </td>
</tr>
<tr>
  <td class="method">
                  markMessagesToImportantAndDelete
      </td>
  <td class="duration">
    40.875s
  </td>
  <td class="result">
        
          <i>Method arguments: </i><span class="arguments">User [login=SelTestTsyganko@gmail.com, password=Selenium1]</span><br />
    
            <div class="testOutput">
                        2017-08-04 09:46:09 INFO&nbsp; GmailTest:40 - User [login=SelTestTsyganko@gmail.com, password=Selenium1]<br/>
<br />
                                2017-08-04 09:46:41 INFO&nbsp; GmailTest:50 - Marked Messages[Message [sender=Test Test, topic=1501023458984This is, date=26 July 2017 at 01:57]]<br/>
<br />
                                2017-08-04 09:46:50 INFO&nbsp; LoggerListener:19 - [TESTCLASS NAME=CLASS COM.EPAM.LAB.GMAIL.GMAILTEST]<br/>
<br />
                  </div>
    

      </td>
</tr>
      </table>
  
</body>
</html>
