<html>
<head>
<title>TestNG:  Test</title>
<link href="../testng.css" rel="stylesheet" type="text/css" />
<link href="../my-testng.css" rel="stylesheet" type="text/css" />

<style type="text/css">
.log { display: none;} 
.stack-trace { display: none;} 
</style>
<script type="text/javascript">
<!--
function flip(e) {
  current = e.style.display;
  if (current == 'block') {
    e.style.display = 'none';
    return 0;
  }
  else {
    e.style.display = 'block';
    return 1;
  }
}

function toggleBox(szDivId, elem, msg1, msg2)
{
  var res = -1;  if (document.getElementById) {
    res = flip(document.getElementById(szDivId));
  }
  else if (document.all) {
    // this is the way old msie versions work
    res = flip(document.all[szDivId]);
  }
  if(elem) {
    if(res == 0) elem.innerHTML = msg1; else elem.innerHTML = msg2;
  }

}

function toggleAllBoxes() {
  if (document.getElementsByTagName) {
    d = document.getElementsByTagName('div');
    for (i = 0; i < d.length; i++) {
      if (d[i].className == 'log') {
        flip(d[i]);
      }
    }
  }
}

// -->
</script>

</head>
<body>
<h2 align='center'>Test</h2><table border='1' align="center">
<tr>
<td>Tests passed/Failed/Skipped:</td><td>5/5/0</td>
</tr><tr>
<td>Started on:</td><td>Thu Aug 03 16:47:47 EEST 2017</td>
</tr>
<tr><td>Total time:</td><td>315 seconds (315700 ms)</td>
</tr><tr>
<td>Included groups:</td><td></td>
</tr><tr>
<td>Excluded groups:</td><td></td>
</tr>
</table><p/>
<small><i>(Hover the method name to see the test class name)</i></small><p/>
<table width='100%' border='1' class='invocation-failed'>
<tr><td colspan='4' align='center'><b>FAILED TESTS</b></td></tr>
<tr><td><b>Test method</b></td>
<td width="30%"><b>Exception</b></td>
<td width="10%"><b>Time (seconds)</b></td>
<td><b>Instance</b></td>
</tr>
<tr>
<td title='com.epam.lab.gmail.GmailTestNegative.markAndDelete()'><b>markAndDelete</b><br>Test class: com.epam.lab.gmail.GmailTestNegative<br>Parameters: User [login=taras.tsyhanko.tk.2014@lpnu.ua, password=05.10.1996]<br/>
<a href="#Output-1765702" onClick='toggleBox("Output-1765702", this, "Show output", "Hide output");'>Show output</a>

<a href="#Output-1765702" onClick="toggleAllBoxes();">Show all outputs</a>
<div class='log' id="Output-1765702">
<br><span style='color:red'>2017-08-03 16:50:53 WARN  LoggerListener:24 - [TestResult name=markAndDelete status=FAILURE method=GmailTestNegative.markAndDelete(com.epam.lab.gmail.models.User)[pri:0, instance:com.epam.lab.gmail.GmailTestNegative@6536e911] output={null}]
</span><br/>
</div>
</td>
<td><div><pre>java.lang.AssertionError: expected [true] but found [false]
	at com.epam.lab.gmail.GmailTestNegative.markAndDelete(GmailTestNegative.java:51)
... Removed 29 stack frames</pre></div><a href='#' onClick='toggleBox("stack-trace1765702", this, "Click to show all stack frames", "Click to hide stack frames")'>Click to show all stack frames</a>
<div class='stack-trace' id='stack-trace1765702'><pre>java.lang.AssertionError: expected [true] but found [false]
	at org.testng.Assert.fail(Assert.java:93)
	at org.testng.Assert.failNotEquals(Assert.java:512)
	at org.testng.Assert.assertTrue(Assert.java:41)
	at org.testng.Assert.assertTrue(Assert.java:51)
	at com.epam.lab.gmail.GmailTestNegative.markAndDelete(GmailTestNegative.java:51)
	at sun.reflect.NativeMethodAccessorImpl.invoke0(Native Method)
	at sun.reflect.NativeMethodAccessorImpl.invoke(NativeMethodAccessorImpl.java:62)
	at sun.reflect.DelegatingMethodAccessorImpl.invoke(DelegatingMethodAccessorImpl.java:43)
	at java.lang.reflect.Method.invoke(Method.java:498)
	at org.testng.internal.MethodInvocationHelper.invokeMethod(MethodInvocationHelper.java:108)
	at org.testng.internal.Invoker.invokeMethod(Invoker.java:661)
	at org.testng.internal.Invoker.invokeTestMethod(Invoker.java:869)
	at org.testng.internal.Invoker.invokeTestMethods(Invoker.java:1193)
	at org.testng.internal.TestMethodWorker.invokeTestMethods(TestMethodWorker.java:126)
	at org.testng.internal.TestMethodWorker.run(TestMethodWorker.java:109)
	at org.testng.TestRunner.privateRun(TestRunner.java:744)
	at org.testng.TestRunner.run(TestRunner.java:602)
	at org.testng.SuiteRunner.runTest(SuiteRunner.java:380)
	at org.testng.SuiteRunner.runSequentially(SuiteRunner.java:375)
	at org.testng.SuiteRunner.privateRun(SuiteRunner.java:340)
	at org.testng.SuiteRunner.run(SuiteRunner.java:289)
	at org.testng.SuiteRunnerWorker.runSuite(SuiteRunnerWorker.java:52)
	at org.testng.SuiteRunnerWorker.run(SuiteRunnerWorker.java:86)
	at org.testng.TestNG.runSuitesSequentially(TestNG.java:1301)
	at org.testng.TestNG.runSuitesLocally(TestNG.java:1226)
	at org.testng.TestNG.runSuites(TestNG.java:1144)
	at org.testng.TestNG.run(TestNG.java:1115)
	at org.testng.remote.AbstractRemoteTestNG.run(AbstractRemoteTestNG.java:132)
	at org.testng.remote.RemoteTestNG.initAndRun(RemoteTestNG.java:230)
	at org.testng.remote.RemoteTestNG.main(RemoteTestNG.java:76)
</pre></div></td>
<td>29</td>
<td>com.epam.lab.gmail.GmailTestNegative@6536e911</td></tr>
<tr>
<td title='com.epam.lab.gmail.GmailTestNegative.markAndDelete()'><b>markAndDelete</b><br>Test class: com.epam.lab.gmail.GmailTestNegative<br>Parameters: User [login=SelTestTsyganko@gmail.com, password=Selenium1]<br/>
<a href="#Output-41092582" onClick='toggleBox("Output-41092582", this, "Show output", "Hide output");'>Show output</a>

<a href="#Output-41092582" onClick="toggleAllBoxes();">Show all outputs</a>
<div class='log' id="Output-41092582">
<br><span style='color:red'>2017-08-03 16:51:29 WARN  LoggerListener:24 - [TestResult name=markAndDelete status=FAILURE method=GmailTestNegative.markAndDelete(com.epam.lab.gmail.models.User)[pri:0, instance:com.epam.lab.gmail.GmailTestNegative@6536e911] output={null}]
</span><br/>
</div>
</td>
<td><div><pre>java.lang.AssertionError: expected [true] but found [false]
	at com.epam.lab.gmail.GmailTestNegative.markAndDelete(GmailTestNegative.java:51)
... Removed 29 stack frames</pre></div><a href='#' onClick='toggleBox("stack-trace41092582", this, "Click to show all stack frames", "Click to hide stack frames")'>Click to show all stack frames</a>
<div class='stack-trace' id='stack-trace41092582'><pre>java.lang.AssertionError: expected [true] but found [false]
	at org.testng.Assert.fail(Assert.java:93)
	at org.testng.Assert.failNotEquals(Assert.java:512)
	at org.testng.Assert.assertTrue(Assert.java:41)
	at org.testng.Assert.assertTrue(Assert.java:51)
	at com.epam.lab.gmail.GmailTestNegative.markAndDelete(GmailTestNegative.java:51)
	at sun.reflect.NativeMethodAccessorImpl.invoke0(Native Method)
	at sun.reflect.NativeMethodAccessorImpl.invoke(NativeMethodAccessorImpl.java:62)
	at sun.reflect.DelegatingMethodAccessorImpl.invoke(DelegatingMethodAccessorImpl.java:43)
	at java.lang.reflect.Method.invoke(Method.java:498)
	at org.testng.internal.MethodInvocationHelper.invokeMethod(MethodInvocationHelper.java:108)
	at org.testng.internal.Invoker.invokeMethod(Invoker.java:661)
	at org.testng.internal.Invoker.invokeTestMethod(Invoker.java:869)
	at org.testng.internal.Invoker.invokeTestMethods(Invoker.java:1193)
	at org.testng.internal.TestMethodWorker.invokeTestMethods(TestMethodWorker.java:126)
	at org.testng.internal.TestMethodWorker.run(TestMethodWorker.java:109)
	at org.testng.TestRunner.privateRun(TestRunner.java:744)
	at org.testng.TestRunner.run(TestRunner.java:602)
	at org.testng.SuiteRunner.runTest(SuiteRunner.java:380)
	at org.testng.SuiteRunner.runSequentially(SuiteRunner.java:375)
	at org.testng.SuiteRunner.privateRun(SuiteRunner.java:340)
	at org.testng.SuiteRunner.run(SuiteRunner.java:289)
	at org.testng.SuiteRunnerWorker.runSuite(SuiteRunnerWorker.java:52)
	at org.testng.SuiteRunnerWorker.run(SuiteRunnerWorker.java:86)
	at org.testng.TestNG.runSuitesSequentially(TestNG.java:1301)
	at org.testng.TestNG.runSuitesLocally(TestNG.java:1226)
	at org.testng.TestNG.runSuites(TestNG.java:1144)
	at org.testng.TestNG.run(TestNG.java:1115)
	at org.testng.remote.AbstractRemoteTestNG.run(AbstractRemoteTestNG.java:132)
	at org.testng.remote.RemoteTestNG.initAndRun(RemoteTestNG.java:230)
	at org.testng.remote.RemoteTestNG.main(RemoteTestNG.java:76)
</pre></div></td>
<td>35</td>
<td>com.epam.lab.gmail.GmailTestNegative@6536e911</td></tr>
<tr>
<td title='com.epam.lab.gmail.GmailTestNegative.markAndDelete()'><b>markAndDelete</b><br>Test class: com.epam.lab.gmail.GmailTestNegative<br>Parameters: User [login=novacug.cucumber@gmail.com, password=GigurdaZargeng38]<br/>
<a href="#Output-1687627235" onClick='toggleBox("Output-1687627235", this, "Show output", "Hide output");'>Show output</a>

<a href="#Output-1687627235" onClick="toggleAllBoxes();">Show all outputs</a>
<div class='log' id="Output-1687627235">
<br><span style='color:red'>2017-08-03 16:52:00 WARN  LoggerListener:24 - [TestResult name=markAndDelete status=FAILURE method=GmailTestNegative.markAndDelete(com.epam.lab.gmail.models.User)[pri:0, instance:com.epam.lab.gmail.GmailTestNegative@6536e911] output={null}]
</span><br/>
</div>
</td>
<td><div><pre>java.lang.AssertionError: expected [true] but found [false]
	at com.epam.lab.gmail.GmailTestNegative.markAndDelete(GmailTestNegative.java:51)
... Removed 29 stack frames</pre></div><a href='#' onClick='toggleBox("stack-trace1687627235", this, "Click to show all stack frames", "Click to hide stack frames")'>Click to show all stack frames</a>
<div class='stack-trace' id='stack-trace1687627235'><pre>java.lang.AssertionError: expected [true] but found [false]
	at org.testng.Assert.fail(Assert.java:93)
	at org.testng.Assert.failNotEquals(Assert.java:512)
	at org.testng.Assert.assertTrue(Assert.java:41)
	at org.testng.Assert.assertTrue(Assert.java:51)
	at com.epam.lab.gmail.GmailTestNegative.markAndDelete(GmailTestNegative.java:51)
	at sun.reflect.NativeMethodAccessorImpl.invoke0(Native Method)
	at sun.reflect.NativeMethodAccessorImpl.invoke(NativeMethodAccessorImpl.java:62)
	at sun.reflect.DelegatingMethodAccessorImpl.invoke(DelegatingMethodAccessorImpl.java:43)
	at java.lang.reflect.Method.invoke(Method.java:498)
	at org.testng.internal.MethodInvocationHelper.invokeMethod(MethodInvocationHelper.java:108)
	at org.testng.internal.Invoker.invokeMethod(Invoker.java:661)
	at org.testng.internal.Invoker.invokeTestMethod(Invoker.java:869)
	at org.testng.internal.Invoker.invokeTestMethods(Invoker.java:1193)
	at org.testng.internal.TestMethodWorker.invokeTestMethods(TestMethodWorker.java:126)
	at org.testng.internal.TestMethodWorker.run(TestMethodWorker.java:109)
	at org.testng.TestRunner.privateRun(TestRunner.java:744)
	at org.testng.TestRunner.run(TestRunner.java:602)
	at org.testng.SuiteRunner.runTest(SuiteRunner.java:380)
	at org.testng.SuiteRunner.runSequentially(SuiteRunner.java:375)
	at org.testng.SuiteRunner.privateRun(SuiteRunner.java:340)
	at org.testng.SuiteRunner.run(SuiteRunner.java:289)
	at org.testng.SuiteRunnerWorker.runSuite(SuiteRunnerWorker.java:52)
	at org.testng.SuiteRunnerWorker.run(SuiteRunnerWorker.java:86)
	at org.testng.TestNG.runSuitesSequentially(TestNG.java:1301)
	at org.testng.TestNG.runSuitesLocally(TestNG.java:1226)
	at org.testng.TestNG.runSuites(TestNG.java:1144)
	at org.testng.TestNG.run(TestNG.java:1115)
	at org.testng.remote.AbstractRemoteTestNG.run(AbstractRemoteTestNG.java:132)
	at org.testng.remote.RemoteTestNG.initAndRun(RemoteTestNG.java:230)
	at org.testng.remote.RemoteTestNG.main(RemoteTestNG.java:76)
</pre></div></td>
<td>29</td>
<td>com.epam.lab.gmail.GmailTestNegative@6536e911</td></tr>
<tr>
<td title='com.epam.lab.gmail.GmailTestNegative.markAndDelete()'><b>markAndDelete</b><br>Test class: com.epam.lab.gmail.GmailTestNegative<br>Parameters: User [login=mykhailo.tsyhanko@gmail.com, password=ReGmiha231]<br/>
<a href="#Output-1658511941" onClick='toggleBox("Output-1658511941", this, "Show output", "Hide output");'>Show output</a>

<a href="#Output-1658511941" onClick="toggleAllBoxes();">Show all outputs</a>
<div class='log' id="Output-1658511941">
<br><span style='color:red'>2017-08-03 16:52:30 WARN  LoggerListener:24 - [TestResult name=markAndDelete status=FAILURE method=GmailTestNegative.markAndDelete(com.epam.lab.gmail.models.User)[pri:0, instance:com.epam.lab.gmail.GmailTestNegative@6536e911] output={null}]
</span><br/>
</div>
</td>
<td><div><pre>java.lang.AssertionError: expected [true] but found [false]
	at com.epam.lab.gmail.GmailTestNegative.markAndDelete(GmailTestNegative.java:51)
... Removed 29 stack frames</pre></div><a href='#' onClick='toggleBox("stack-trace1658511941", this, "Click to show all stack frames", "Click to hide stack frames")'>Click to show all stack frames</a>
<div class='stack-trace' id='stack-trace1658511941'><pre>java.lang.AssertionError: expected [true] but found [false]
	at org.testng.Assert.fail(Assert.java:93)
	at org.testng.Assert.failNotEquals(Assert.java:512)
	at org.testng.Assert.assertTrue(Assert.java:41)
	at org.testng.Assert.assertTrue(Assert.java:51)
	at com.epam.lab.gmail.GmailTestNegative.markAndDelete(GmailTestNegative.java:51)
	at sun.reflect.NativeMethodAccessorImpl.invoke0(Native Method)
	at sun.reflect.NativeMethodAccessorImpl.invoke(NativeMethodAccessorImpl.java:62)
	at sun.reflect.DelegatingMethodAccessorImpl.invoke(DelegatingMethodAccessorImpl.java:43)
	at java.lang.reflect.Method.invoke(Method.java:498)
	at org.testng.internal.MethodInvocationHelper.invokeMethod(MethodInvocationHelper.java:108)
	at org.testng.internal.Invoker.invokeMethod(Invoker.java:661)
	at org.testng.internal.Invoker.invokeTestMethod(Invoker.java:869)
	at org.testng.internal.Invoker.invokeTestMethods(Invoker.java:1193)
	at org.testng.internal.TestMethodWorker.invokeTestMethods(TestMethodWorker.java:126)
	at org.testng.internal.TestMethodWorker.run(TestMethodWorker.java:109)
	at org.testng.TestRunner.privateRun(TestRunner.java:744)
	at org.testng.TestRunner.run(TestRunner.java:602)
	at org.testng.SuiteRunner.runTest(SuiteRunner.java:380)
	at org.testng.SuiteRunner.runSequentially(SuiteRunner.java:375)
	at org.testng.SuiteRunner.privateRun(SuiteRunner.java:340)
	at org.testng.SuiteRunner.run(SuiteRunner.java:289)
	at org.testng.SuiteRunnerWorker.runSuite(SuiteRunnerWorker.java:52)
	at org.testng.SuiteRunnerWorker.run(SuiteRunnerWorker.java:86)
	at org.testng.TestNG.runSuitesSequentially(TestNG.java:1301)
	at org.testng.TestNG.runSuitesLocally(TestNG.java:1226)
	at org.testng.TestNG.runSuites(TestNG.java:1144)
	at org.testng.TestNG.run(TestNG.java:1115)
	at org.testng.remote.AbstractRemoteTestNG.run(AbstractRemoteTestNG.java:132)
	at org.testng.remote.RemoteTestNG.initAndRun(RemoteTestNG.java:230)
	at org.testng.remote.RemoteTestNG.main(RemoteTestNG.java:76)
</pre></div></td>
<td>29</td>
<td>com.epam.lab.gmail.GmailTestNegative@6536e911</td></tr>
<tr>
<td title='com.epam.lab.gmail.GmailTestNegative.markAndDelete()'><b>markAndDelete</b><br>Test class: com.epam.lab.gmail.GmailTestNegative<br>Parameters: User [login=Micle.AutomationBudda2017@gmail.com, password=TheSkyIsShiningBricly1]<br/>
<a href="#Output-938405008" onClick='toggleBox("Output-938405008", this, "Show output", "Hide output");'>Show output</a>

<a href="#Output-938405008" onClick="toggleAllBoxes();">Show all outputs</a>
<div class='log' id="Output-938405008">
<br><span style='color:red'>2017-08-03 16:53:02 WARN  LoggerListener:24 - [TestResult name=markAndDelete status=FAILURE method=GmailTestNegative.markAndDelete(com.epam.lab.gmail.models.User)[pri:0, instance:com.epam.lab.gmail.GmailTestNegative@6536e911] output={null}]
</span><br/>
</div>
</td>
<td><div><pre>java.lang.AssertionError: expected [true] but found [false]
	at com.epam.lab.gmail.GmailTestNegative.markAndDelete(GmailTestNegative.java:51)
... Removed 29 stack frames</pre></div><a href='#' onClick='toggleBox("stack-trace938405008", this, "Click to show all stack frames", "Click to hide stack frames")'>Click to show all stack frames</a>
<div class='stack-trace' id='stack-trace938405008'><pre>java.lang.AssertionError: expected [true] but found [false]
	at org.testng.Assert.fail(Assert.java:93)
	at org.testng.Assert.failNotEquals(Assert.java:512)
	at org.testng.Assert.assertTrue(Assert.java:41)
	at org.testng.Assert.assertTrue(Assert.java:51)
	at com.epam.lab.gmail.GmailTestNegative.markAndDelete(GmailTestNegative.java:51)
	at sun.reflect.NativeMethodAccessorImpl.invoke0(Native Method)
	at sun.reflect.NativeMethodAccessorImpl.invoke(NativeMethodAccessorImpl.java:62)
	at sun.reflect.DelegatingMethodAccessorImpl.invoke(DelegatingMethodAccessorImpl.java:43)
	at java.lang.reflect.Method.invoke(Method.java:498)
	at org.testng.internal.MethodInvocationHelper.invokeMethod(MethodInvocationHelper.java:108)
	at org.testng.internal.Invoker.invokeMethod(Invoker.java:661)
	at org.testng.internal.Invoker.invokeTestMethod(Invoker.java:869)
	at org.testng.internal.Invoker.invokeTestMethods(Invoker.java:1193)
	at org.testng.internal.TestMethodWorker.invokeTestMethods(TestMethodWorker.java:126)
	at org.testng.internal.TestMethodWorker.run(TestMethodWorker.java:109)
	at org.testng.TestRunner.privateRun(TestRunner.java:744)
	at org.testng.TestRunner.run(TestRunner.java:602)
	at org.testng.SuiteRunner.runTest(SuiteRunner.java:380)
	at org.testng.SuiteRunner.runSequentially(SuiteRunner.java:375)
	at org.testng.SuiteRunner.privateRun(SuiteRunner.java:340)
	at org.testng.SuiteRunner.run(SuiteRunner.java:289)
	at org.testng.SuiteRunnerWorker.runSuite(SuiteRunnerWorker.java:52)
	at org.testng.SuiteRunnerWorker.run(SuiteRunnerWorker.java:86)
	at org.testng.TestNG.runSuitesSequentially(TestNG.java:1301)
	at org.testng.TestNG.runSuitesLocally(TestNG.java:1226)
	at org.testng.TestNG.runSuites(TestNG.java:1144)
	at org.testng.TestNG.run(TestNG.java:1115)
	at org.testng.remote.AbstractRemoteTestNG.run(AbstractRemoteTestNG.java:132)
	at org.testng.remote.RemoteTestNG.initAndRun(RemoteTestNG.java:230)
	at org.testng.remote.RemoteTestNG.main(RemoteTestNG.java:76)
</pre></div></td>
<td>30</td>
<td>com.epam.lab.gmail.GmailTestNegative@6536e911</td></tr>
</table><p>
<table width='100%' border='1' class='invocation-passed'>
<tr><td colspan='4' align='center'><b>PASSED TESTS</b></td></tr>
<tr><td><b>Test method</b></td>
<td width="30%"><b>Exception</b></td>
<td width="10%"><b>Time (seconds)</b></td>
<td><b>Instance</b></td>
</tr>
<tr>
<td title='com.epam.lab.gmail.GmailTest.markMessagesToImportantAndDelete()'><b>markMessagesToImportantAndDelete</b><br>Test class: com.epam.lab.gmail.GmailTest<br>Parameters: User [login=taras.tsyhanko.tk.2014@lpnu.ua, password=05.10.1996]</td>
<td></td>
<td>13</td>
<td>com.epam.lab.gmail.GmailTest@6b09bb57</td></tr>
<tr>
<td title='com.epam.lab.gmail.GmailTest.markMessagesToImportantAndDelete()'><b>markMessagesToImportantAndDelete</b><br>Test class: com.epam.lab.gmail.GmailTest<br>Parameters: User [login=SelTestTsyganko@gmail.com, password=Selenium1]</td>
<td></td>
<td>39</td>
<td>com.epam.lab.gmail.GmailTest@6b09bb57</td></tr>
<tr>
<td title='com.epam.lab.gmail.GmailTest.markMessagesToImportantAndDelete()'><b>markMessagesToImportantAndDelete</b><br>Test class: com.epam.lab.gmail.GmailTest<br>Parameters: User [login=novacug.cucumber@gmail.com, password=GigurdaZargeng38]</td>
<td></td>
<td>32</td>
<td>com.epam.lab.gmail.GmailTest@6b09bb57</td></tr>
<tr>
<td title='com.epam.lab.gmail.GmailTest.markMessagesToImportantAndDelete()'><b>markMessagesToImportantAndDelete</b><br>Test class: com.epam.lab.gmail.GmailTest<br>Parameters: User [login=mykhailo.tsyhanko@gmail.com, password=ReGmiha231]</td>
<td></td>
<td>32</td>
<td>com.epam.lab.gmail.GmailTest@6b09bb57</td></tr>
<tr>
<td title='com.epam.lab.gmail.GmailTest.markMessagesToImportantAndDelete()'><b>markMessagesToImportantAndDelete</b><br>Test class: com.epam.lab.gmail.GmailTest<br>Parameters: User [login=Micle.AutomationBudda2017@gmail.com, password=TheSkyIsShiningBricly1]</td>
<td></td>
<td>34</td>
<td>com.epam.lab.gmail.GmailTest@6b09bb57</td></tr>
</table><p>
</body>
</html>