<?xml version="1.0" encoding="UTF-8"?>
<testng-results skipped="0" failed="5" ignored="0" total="10" passed="5">
  <reporter-output>
    <line>
      <![CDATA[<br><span style='color:red'>2017-08-03 16:50:53 WARN  LoggerListener:24 - [TestResult name=markAndDelete status=FAILURE method=GmailTestNegative.markAndDelete(com.epam.lab.gmail.models.User)[pri:0, instance:com.epam.lab.gmail.GmailTestNegative@6536e911] output={null}]
</span>]]>
    </line>
    <line>
      <![CDATA[<br><span style='color:red'>2017-08-03 16:51:29 WARN  LoggerListener:24 - [TestResult name=markAndDelete status=FAILURE method=GmailTestNegative.markAndDelete(com.epam.lab.gmail.models.User)[pri:0, instance:com.epam.lab.gmail.GmailTestNegative@6536e911] output={null}]
</span>]]>
    </line>
    <line>
      <![CDATA[<br><span style='color:red'>2017-08-03 16:52:00 WARN  LoggerListener:24 - [TestResult name=markAndDelete status=FAILURE method=GmailTestNegative.markAndDelete(com.epam.lab.gmail.models.User)[pri:0, instance:com.epam.lab.gmail.GmailTestNegative@6536e911] output={null}]
</span>]]>
    </line>
    <line>
      <![CDATA[<br><span style='color:red'>2017-08-03 16:52:30 WARN  LoggerListener:24 - [TestResult name=markAndDelete status=FAILURE method=GmailTestNegative.markAndDelete(com.epam.lab.gmail.models.User)[pri:0, instance:com.epam.lab.gmail.GmailTestNegative@6536e911] output={null}]
</span>]]>
    </line>
    <line>
      <![CDATA[<br><span style='color:red'>2017-08-03 16:53:02 WARN  LoggerListener:24 - [TestResult name=markAndDelete status=FAILURE method=GmailTestNegative.markAndDelete(com.epam.lab.gmail.models.User)[pri:0, instance:com.epam.lab.gmail.GmailTestNegative@6536e911] output={null}]
</span>]]>
    </line>
  </reporter-output>
  <suite name="Suite" duration-ms="315700" started-at="2017-08-03T13:47:47Z" finished-at="2017-08-03T13:53:03Z">
    <groups>
    </groups>
    <test name="Test" duration-ms="315700" started-at="2017-08-03T13:47:47Z" finished-at="2017-08-03T13:53:03Z">
      <class name="com.epam.lab.gmail.GmailTestNegative">
        <test-method status="PASS" signature="setUp()[pri:0, instance:com.epam.lab.gmail.GmailTestNegative@6536e911]" name="setUp" is-config="true" duration-ms="0" started-at="2017-08-03T16:50:24Z" finished-at="2017-08-03T16:50:24Z">
          <reporter-output>
          </reporter-output>
        </test-method> <!-- setUp -->
        <test-method status="FAIL" signature="markAndDelete(com.epam.lab.gmail.models.User)[pri:0, instance:com.epam.lab.gmail.GmailTestNegative@6536e911]" name="markAndDelete" duration-ms="29006" started-at="2017-08-03T16:50:24Z" data-provider="getUsers" finished-at="2017-08-03T16:50:53Z">
          <params>
            <param index="0">
              <value>
                <![CDATA[User [login=taras.tsyhanko.tk.2014@lpnu.ua, password=05.10.1996]]]>
              </value>
            </param>
          </params>
          <exception class="java.lang.AssertionError">
            <message>
              <![CDATA[expected [true] but found [false]]]>
            </message>
            <full-stacktrace>
              <![CDATA[java.lang.AssertionError: expected [true] but found [false]
	at org.testng.Assert.fail(Assert.java:93)
	at org.testng.Assert.failNotEquals(Assert.java:512)
	at org.testng.Assert.assertTrue(Assert.java:41)
	at org.testng.Assert.assertTrue(Assert.java:51)
	at com.epam.lab.gmail.GmailTestNegative.markAndDelete(GmailTestNegative.java:51)
	at sun.reflect.NativeMethodAccessorImpl.invoke0(Native Method)
	at sun.reflect.NativeMethodAccessorImpl.invoke(NativeMethodAccessorImpl.java:62)
	at sun.reflect.DelegatingMethodAccessorImpl.invoke(DelegatingMethodAccessorImpl.java:43)
	at java.lang.reflect.Method.invoke(Method.java:498)
	at org.testng.internal.MethodInvocationHelper.invokeMethod(MethodInvocationHelper.java:108)
	at org.testng.internal.Invoker.invokeMethod(Invoker.java:661)
	at org.testng.internal.Invoker.invokeTestMethod(Invoker.java:869)
	at org.testng.internal.Invoker.invokeTestMethods(Invoker.java:1193)
	at org.testng.internal.TestMethodWorker.invokeTestMethods(TestMethodWorker.java:126)
	at org.testng.internal.TestMethodWorker.run(TestMethodWorker.java:109)
	at org.testng.TestRunner.privateRun(TestRunner.java:744)
	at org.testng.TestRunner.run(TestRunner.java:602)
	at org.testng.SuiteRunner.runTest(SuiteRunner.java:380)
	at org.testng.SuiteRunner.runSequentially(SuiteRunner.java:375)
	at org.testng.SuiteRunner.privateRun(SuiteRunner.java:340)
	at org.testng.SuiteRunner.run(SuiteRunner.java:289)
	at org.testng.SuiteRunnerWorker.runSuite(SuiteRunnerWorker.java:52)
	at org.testng.SuiteRunnerWorker.run(SuiteRunnerWorker.java:86)
	at org.testng.TestNG.runSuitesSequentially(TestNG.java:1301)
	at org.testng.TestNG.runSuitesLocally(TestNG.java:1226)
	at org.testng.TestNG.runSuites(TestNG.java:1144)
	at org.testng.TestNG.run(TestNG.java:1115)
	at org.testng.remote.AbstractRemoteTestNG.run(AbstractRemoteTestNG.java:132)
	at org.testng.remote.RemoteTestNG.initAndRun(RemoteTestNG.java:230)
	at org.testng.remote.RemoteTestNG.main(RemoteTestNG.java:76)
]]>
            </full-stacktrace>
          </exception> <!-- java.lang.AssertionError -->
          <reporter-output>
            <line>
              <![CDATA[<br><span style='color:red'>2017-08-03 16:50:53 WARN  LoggerListener:24 - [TestResult name=markAndDelete status=FAILURE method=GmailTestNegative.markAndDelete(com.epam.lab.gmail.models.User)[pri:0, instance:com.epam.lab.gmail.GmailTestNegative@6536e911] output={null}]
</span>]]>
            </line>
          </reporter-output>
        </test-method> <!-- markAndDelete -->
        <test-method status="PASS" signature="after()[pri:0, instance:com.epam.lab.gmail.GmailTestNegative@6536e911]" name="after" is-config="true" duration-ms="869" started-at="2017-08-03T16:50:53Z" finished-at="2017-08-03T16:50:54Z">
          <reporter-output>
          </reporter-output>
        </test-method> <!-- after -->
        <test-method status="FAIL" signature="markAndDelete(com.epam.lab.gmail.models.User)[pri:0, instance:com.epam.lab.gmail.GmailTestNegative@6536e911]" name="markAndDelete" duration-ms="35024" started-at="2017-08-03T16:50:54Z" data-provider="getUsers" finished-at="2017-08-03T16:51:29Z">
          <params>
            <param index="0">
              <value>
                <![CDATA[User [login=SelTestTsyganko@gmail.com, password=Selenium1]]]>
              </value>
            </param>
          </params>
          <exception class="java.lang.AssertionError">
            <message>
              <![CDATA[expected [true] but found [false]]]>
            </message>
            <full-stacktrace>
              <![CDATA[java.lang.AssertionError: expected [true] but found [false]
	at org.testng.Assert.fail(Assert.java:93)
	at org.testng.Assert.failNotEquals(Assert.java:512)
	at org.testng.Assert.assertTrue(Assert.java:41)
	at org.testng.Assert.assertTrue(Assert.java:51)
	at com.epam.lab.gmail.GmailTestNegative.markAndDelete(GmailTestNegative.java:51)
	at sun.reflect.NativeMethodAccessorImpl.invoke0(Native Method)
	at sun.reflect.NativeMethodAccessorImpl.invoke(NativeMethodAccessorImpl.java:62)
	at sun.reflect.DelegatingMethodAccessorImpl.invoke(DelegatingMethodAccessorImpl.java:43)
	at java.lang.reflect.Method.invoke(Method.java:498)
	at org.testng.internal.MethodInvocationHelper.invokeMethod(MethodInvocationHelper.java:108)
	at org.testng.internal.Invoker.invokeMethod(Invoker.java:661)
	at org.testng.internal.Invoker.invokeTestMethod(Invoker.java:869)
	at org.testng.internal.Invoker.invokeTestMethods(Invoker.java:1193)
	at org.testng.internal.TestMethodWorker.invokeTestMethods(TestMethodWorker.java:126)
	at org.testng.internal.TestMethodWorker.run(TestMethodWorker.java:109)
	at org.testng.TestRunner.privateRun(TestRunner.java:744)
	at org.testng.TestRunner.run(TestRunner.java:602)
	at org.testng.SuiteRunner.runTest(SuiteRunner.java:380)
	at org.testng.SuiteRunner.runSequentially(SuiteRunner.java:375)
	at org.testng.SuiteRunner.privateRun(SuiteRunner.java:340)
	at org.testng.SuiteRunner.run(SuiteRunner.java:289)
	at org.testng.SuiteRunnerWorker.runSuite(SuiteRunnerWorker.java:52)
	at org.testng.SuiteRunnerWorker.run(SuiteRunnerWorker.java:86)
	at org.testng.TestNG.runSuitesSequentially(TestNG.java:1301)
	at org.testng.TestNG.runSuitesLocally(TestNG.java:1226)
	at org.testng.TestNG.runSuites(TestNG.java:1144)
	at org.testng.TestNG.run(TestNG.java:1115)
	at org.testng.remote.AbstractRemoteTestNG.run(AbstractRemoteTestNG.java:132)
	at org.testng.remote.RemoteTestNG.initAndRun(RemoteTestNG.java:230)
	at org.testng.remote.RemoteTestNG.main(RemoteTestNG.java:76)
]]>
            </full-stacktrace>
          </exception> <!-- java.lang.AssertionError -->
          <reporter-output>
            <line>
              <![CDATA[<br><span style='color:red'>2017-08-03 16:51:29 WARN  LoggerListener:24 - [TestResult name=markAndDelete status=FAILURE method=GmailTestNegative.markAndDelete(com.epam.lab.gmail.models.User)[pri:0, instance:com.epam.lab.gmail.GmailTestNegative@6536e911] output={null}]
</span>]]>
            </line>
          </reporter-output>
        </test-method> <!-- markAndDelete -->
        <test-method status="PASS" signature="after()[pri:0, instance:com.epam.lab.gmail.GmailTestNegative@6536e911]" name="after" is-config="true" duration-ms="848" started-at="2017-08-03T16:51:29Z" finished-at="2017-08-03T16:51:30Z">
          <reporter-output>
          </reporter-output>
        </test-method> <!-- after -->
        <test-method status="FAIL" signature="markAndDelete(com.epam.lab.gmail.models.User)[pri:0, instance:com.epam.lab.gmail.GmailTestNegative@6536e911]" name="markAndDelete" duration-ms="29796" started-at="2017-08-03T16:51:30Z" data-provider="getUsers" finished-at="2017-08-03T16:52:00Z">
          <params>
            <param index="0">
              <value>
                <![CDATA[User [login=novacug.cucumber@gmail.com, password=GigurdaZargeng38]]]>
              </value>
            </param>
          </params>
          <exception class="java.lang.AssertionError">
            <message>
              <![CDATA[expected [true] but found [false]]]>
            </message>
            <full-stacktrace>
              <![CDATA[java.lang.AssertionError: expected [true] but found [false]
	at org.testng.Assert.fail(Assert.java:93)
	at org.testng.Assert.failNotEquals(Assert.java:512)
	at org.testng.Assert.assertTrue(Assert.java:41)
	at org.testng.Assert.assertTrue(Assert.java:51)
	at com.epam.lab.gmail.GmailTestNegative.markAndDelete(GmailTestNegative.java:51)
	at sun.reflect.NativeMethodAccessorImpl.invoke0(Native Method)
	at sun.reflect.NativeMethodAccessorImpl.invoke(NativeMethodAccessorImpl.java:62)
	at sun.reflect.DelegatingMethodAccessorImpl.invoke(DelegatingMethodAccessorImpl.java:43)
	at java.lang.reflect.Method.invoke(Method.java:498)
	at org.testng.internal.MethodInvocationHelper.invokeMethod(MethodInvocationHelper.java:108)
	at org.testng.internal.Invoker.invokeMethod(Invoker.java:661)
	at org.testng.internal.Invoker.invokeTestMethod(Invoker.java:869)
	at org.testng.internal.Invoker.invokeTestMethods(Invoker.java:1193)
	at org.testng.internal.TestMethodWorker.invokeTestMethods(TestMethodWorker.java:126)
	at org.testng.internal.TestMethodWorker.run(TestMethodWorker.java:109)
	at org.testng.TestRunner.privateRun(TestRunner.java:744)
	at org.testng.TestRunner.run(TestRunner.java:602)
	at org.testng.SuiteRunner.runTest(SuiteRunner.java:380)
	at org.testng.SuiteRunner.runSequentially(SuiteRunner.java:375)
	at org.testng.SuiteRunner.privateRun(SuiteRunner.java:340)
	at org.testng.SuiteRunner.run(SuiteRunner.java:289)
	at org.testng.SuiteRunnerWorker.runSuite(SuiteRunnerWorker.java:52)
	at org.testng.SuiteRunnerWorker.run(SuiteRunnerWorker.java:86)
	at org.testng.TestNG.runSuitesSequentially(TestNG.java:1301)
	at org.testng.TestNG.runSuitesLocally(TestNG.java:1226)
	at org.testng.TestNG.runSuites(TestNG.java:1144)
	at org.testng.TestNG.run(TestNG.java:1115)
	at org.testng.remote.AbstractRemoteTestNG.run(AbstractRemoteTestNG.java:132)
	at org.testng.remote.RemoteTestNG.initAndRun(RemoteTestNG.java:230)
	at org.testng.remote.RemoteTestNG.main(RemoteTestNG.java:76)
]]>
            </full-stacktrace>
          </exception> <!-- java.lang.AssertionError -->
          <reporter-output>
            <line>
              <![CDATA[<br><span style='color:red'>2017-08-03 16:52:00 WARN  LoggerListener:24 - [TestResult name=markAndDelete status=FAILURE method=GmailTestNegative.markAndDelete(com.epam.lab.gmail.models.User)[pri:0, instance:com.epam.lab.gmail.GmailTestNegative@6536e911] output={null}]
</span>]]>
            </line>
          </reporter-output>
        </test-method> <!-- markAndDelete -->
        <test-method status="PASS" signature="after()[pri:0, instance:com.epam.lab.gmail.GmailTestNegative@6536e911]" name="after" is-config="true" duration-ms="911" started-at="2017-08-03T16:52:00Z" finished-at="2017-08-03T16:52:01Z">
          <reporter-output>
          </reporter-output>
        </test-method> <!-- after -->
        <test-method status="FAIL" signature="markAndDelete(com.epam.lab.gmail.models.User)[pri:0, instance:com.epam.lab.gmail.GmailTestNegative@6536e911]" name="markAndDelete" duration-ms="29664" started-at="2017-08-03T16:52:01Z" data-provider="getUsers" finished-at="2017-08-03T16:52:30Z">
          <params>
            <param index="0">
              <value>
                <![CDATA[User [login=mykhailo.tsyhanko@gmail.com, password=ReGmiha231]]]>
              </value>
            </param>
          </params>
          <exception class="java.lang.AssertionError">
            <message>
              <![CDATA[expected [true] but found [false]]]>
            </message>
            <full-stacktrace>
              <![CDATA[java.lang.AssertionError: expected [true] but found [false]
	at org.testng.Assert.fail(Assert.java:93)
	at org.testng.Assert.failNotEquals(Assert.java:512)
	at org.testng.Assert.assertTrue(Assert.java:41)
	at org.testng.Assert.assertTrue(Assert.java:51)
	at com.epam.lab.gmail.GmailTestNegative.markAndDelete(GmailTestNegative.java:51)
	at sun.reflect.NativeMethodAccessorImpl.invoke0(Native Method)
	at sun.reflect.NativeMethodAccessorImpl.invoke(NativeMethodAccessorImpl.java:62)
	at sun.reflect.DelegatingMethodAccessorImpl.invoke(DelegatingMethodAccessorImpl.java:43)
	at java.lang.reflect.Method.invoke(Method.java:498)
	at org.testng.internal.MethodInvocationHelper.invokeMethod(MethodInvocationHelper.java:108)
	at org.testng.internal.Invoker.invokeMethod(Invoker.java:661)
	at org.testng.internal.Invoker.invokeTestMethod(Invoker.java:869)
	at org.testng.internal.Invoker.invokeTestMethods(Invoker.java:1193)
	at org.testng.internal.TestMethodWorker.invokeTestMethods(TestMethodWorker.java:126)
	at org.testng.internal.TestMethodWorker.run(TestMethodWorker.java:109)
	at org.testng.TestRunner.privateRun(TestRunner.java:744)
	at org.testng.TestRunner.run(TestRunner.java:602)
	at org.testng.SuiteRunner.runTest(SuiteRunner.java:380)
	at org.testng.SuiteRunner.runSequentially(SuiteRunner.java:375)
	at org.testng.SuiteRunner.privateRun(SuiteRunner.java:340)
	at org.testng.SuiteRunner.run(SuiteRunner.java:289)
	at org.testng.SuiteRunnerWorker.runSuite(SuiteRunnerWorker.java:52)
	at org.testng.SuiteRunnerWorker.run(SuiteRunnerWorker.java:86)
	at org.testng.TestNG.runSuitesSequentially(TestNG.java:1301)
	at org.testng.TestNG.runSuitesLocally(TestNG.java:1226)
	at org.testng.TestNG.runSuites(TestNG.java:1144)
	at org.testng.TestNG.run(TestNG.java:1115)
	at org.testng.remote.AbstractRemoteTestNG.run(AbstractRemoteTestNG.java:132)
	at org.testng.remote.RemoteTestNG.initAndRun(RemoteTestNG.java:230)
	at org.testng.remote.RemoteTestNG.main(RemoteTestNG.java:76)
]]>
            </full-stacktrace>
          </exception> <!-- java.lang.AssertionError -->
          <reporter-output>
            <line>
              <![CDATA[<br><span style='color:red'>2017-08-03 16:52:30 WARN  LoggerListener:24 - [TestResult name=markAndDelete status=FAILURE method=GmailTestNegative.markAndDelete(com.epam.lab.gmail.models.User)[pri:0, instance:com.epam.lab.gmail.GmailTestNegative@6536e911] output={null}]
</span>]]>
            </line>
          </reporter-output>
        </test-method> <!-- markAndDelete -->
        <test-method status="PASS" signature="after()[pri:0, instance:com.epam.lab.gmail.GmailTestNegative@6536e911]" name="after" is-config="true" duration-ms="952" started-at="2017-08-03T16:52:30Z" finished-at="2017-08-03T16:52:31Z">
          <reporter-output>
          </reporter-output>
        </test-method> <!-- after -->
        <test-method status="FAIL" signature="markAndDelete(com.epam.lab.gmail.models.User)[pri:0, instance:com.epam.lab.gmail.GmailTestNegative@6536e911]" name="markAndDelete" duration-ms="30826" started-at="2017-08-03T16:52:31Z" data-provider="getUsers" finished-at="2017-08-03T16:53:02Z">
          <params>
            <param index="0">
              <value>
                <![CDATA[User [login=Micle.AutomationBudda2017@gmail.com, password=TheSkyIsShiningBricly1]]]>
              </value>
            </param>
          </params>
          <exception class="java.lang.AssertionError">
            <message>
              <![CDATA[expected [true] but found [false]]]>
            </message>
            <full-stacktrace>
              <![CDATA[java.lang.AssertionError: expected [true] but found [false]
	at org.testng.Assert.fail(Assert.java:93)
	at org.testng.Assert.failNotEquals(Assert.java:512)
	at org.testng.Assert.assertTrue(Assert.java:41)
	at org.testng.Assert.assertTrue(Assert.java:51)
	at com.epam.lab.gmail.GmailTestNegative.markAndDelete(GmailTestNegative.java:51)
	at sun.reflect.NativeMethodAccessorImpl.invoke0(Native Method)
	at sun.reflect.NativeMethodAccessorImpl.invoke(NativeMethodAccessorImpl.java:62)
	at sun.reflect.DelegatingMethodAccessorImpl.invoke(DelegatingMethodAccessorImpl.java:43)
	at java.lang.reflect.Method.invoke(Method.java:498)
	at org.testng.internal.MethodInvocationHelper.invokeMethod(MethodInvocationHelper.java:108)
	at org.testng.internal.Invoker.invokeMethod(Invoker.java:661)
	at org.testng.internal.Invoker.invokeTestMethod(Invoker.java:869)
	at org.testng.internal.Invoker.invokeTestMethods(Invoker.java:1193)
	at org.testng.internal.TestMethodWorker.invokeTestMethods(TestMethodWorker.java:126)
	at org.testng.internal.TestMethodWorker.run(TestMethodWorker.java:109)
	at org.testng.TestRunner.privateRun(TestRunner.java:744)
	at org.testng.TestRunner.run(TestRunner.java:602)
	at org.testng.SuiteRunner.runTest(SuiteRunner.java:380)
	at org.testng.SuiteRunner.runSequentially(SuiteRunner.java:375)
	at org.testng.SuiteRunner.privateRun(SuiteRunner.java:340)
	at org.testng.SuiteRunner.run(SuiteRunner.java:289)
	at org.testng.SuiteRunnerWorker.runSuite(SuiteRunnerWorker.java:52)
	at org.testng.SuiteRunnerWorker.run(SuiteRunnerWorker.java:86)
	at org.testng.TestNG.runSuitesSequentially(TestNG.java:1301)
	at org.testng.TestNG.runSuitesLocally(TestNG.java:1226)
	at org.testng.TestNG.runSuites(TestNG.java:1144)
	at org.testng.TestNG.run(TestNG.java:1115)
	at org.testng.remote.AbstractRemoteTestNG.run(AbstractRemoteTestNG.java:132)
	at org.testng.remote.RemoteTestNG.initAndRun(RemoteTestNG.java:230)
	at org.testng.remote.RemoteTestNG.main(RemoteTestNG.java:76)
]]>
            </full-stacktrace>
          </exception> <!-- java.lang.AssertionError -->
          <reporter-output>
            <line>
              <![CDATA[<br><span style='color:red'>2017-08-03 16:53:02 WARN  LoggerListener:24 - [TestResult name=markAndDelete status=FAILURE method=GmailTestNegative.markAndDelete(com.epam.lab.gmail.models.User)[pri:0, instance:com.epam.lab.gmail.GmailTestNegative@6536e911] output={null}]
</span>]]>
            </line>
          </reporter-output>
        </test-method> <!-- markAndDelete -->
        <test-method status="PASS" signature="after()[pri:0, instance:com.epam.lab.gmail.GmailTestNegative@6536e911]" name="after" is-config="true" duration-ms="885" started-at="2017-08-03T16:53:02Z" finished-at="2017-08-03T16:53:03Z">
          <reporter-output>
          </reporter-output>
        </test-method> <!-- after -->
      </class> <!-- com.epam.lab.gmail.GmailTestNegative -->
      <class name="com.epam.lab.gmail.GmailTest">
        <test-method status="PASS" signature="setUp()[pri:0, instance:com.epam.lab.gmail.GmailTest@6b09bb57]" name="setUp" is-config="true" duration-ms="0" started-at="2017-08-03T16:47:47Z" finished-at="2017-08-03T16:47:47Z">
          <reporter-output>
          </reporter-output>
        </test-method> <!-- setUp -->
        <test-method status="PASS" signature="markMessagesToImportantAndDelete(com.epam.lab.gmail.models.User)[pri:0, instance:com.epam.lab.gmail.GmailTest@6b09bb57]" name="markMessagesToImportantAndDelete" duration-ms="13015" started-at="2017-08-03T16:47:47Z" data-provider="getUsers" finished-at="2017-08-03T16:48:00Z">
          <params>
            <param index="0">
              <value>
                <![CDATA[User [login=taras.tsyhanko.tk.2014@lpnu.ua, password=05.10.1996]]]>
              </value>
            </param>
          </params>
          <reporter-output>
          </reporter-output>
        </test-method> <!-- markMessagesToImportantAndDelete -->
        <test-method status="PASS" signature="after()[pri:0, instance:com.epam.lab.gmail.GmailTest@6b09bb57]" name="after" is-config="true" duration-ms="940" started-at="2017-08-03T16:48:00Z" finished-at="2017-08-03T16:48:01Z">
          <reporter-output>
          </reporter-output>
        </test-method> <!-- after -->
        <test-method status="PASS" signature="markMessagesToImportantAndDelete(com.epam.lab.gmail.models.User)[pri:0, instance:com.epam.lab.gmail.GmailTest@6b09bb57]" name="markMessagesToImportantAndDelete" duration-ms="39972" started-at="2017-08-03T16:48:01Z" data-provider="getUsers" finished-at="2017-08-03T16:48:41Z">
          <params>
            <param index="0">
              <value>
                <![CDATA[User [login=SelTestTsyganko@gmail.com, password=Selenium1]]]>
              </value>
            </param>
          </params>
          <reporter-output>
          </reporter-output>
        </test-method> <!-- markMessagesToImportantAndDelete -->
        <test-method status="PASS" signature="after()[pri:0, instance:com.epam.lab.gmail.GmailTest@6b09bb57]" name="after" is-config="true" duration-ms="957" started-at="2017-08-03T16:48:41Z" finished-at="2017-08-03T16:48:42Z">
          <reporter-output>
          </reporter-output>
        </test-method> <!-- after -->
        <test-method status="PASS" signature="markMessagesToImportantAndDelete(com.epam.lab.gmail.models.User)[pri:0, instance:com.epam.lab.gmail.GmailTest@6b09bb57]" name="markMessagesToImportantAndDelete" duration-ms="32983" started-at="2017-08-03T16:48:42Z" data-provider="getUsers" finished-at="2017-08-03T16:49:15Z">
          <params>
            <param index="0">
              <value>
                <![CDATA[User [login=novacug.cucumber@gmail.com, password=GigurdaZargeng38]]]>
              </value>
            </param>
          </params>
          <reporter-output>
          </reporter-output>
        </test-method> <!-- markMessagesToImportantAndDelete -->
        <test-method status="PASS" signature="after()[pri:0, instance:com.epam.lab.gmail.GmailTest@6b09bb57]" name="after" is-config="true" duration-ms="953" started-at="2017-08-03T16:49:15Z" finished-at="2017-08-03T16:49:16Z">
          <reporter-output>
          </reporter-output>
        </test-method> <!-- after -->
        <test-method status="PASS" signature="markMessagesToImportantAndDelete(com.epam.lab.gmail.models.User)[pri:0, instance:com.epam.lab.gmail.GmailTest@6b09bb57]" name="markMessagesToImportantAndDelete" duration-ms="32238" started-at="2017-08-03T16:49:16Z" data-provider="getUsers" finished-at="2017-08-03T16:49:48Z">
          <params>
            <param index="0">
              <value>
                <![CDATA[User [login=mykhailo.tsyhanko@gmail.com, password=ReGmiha231]]]>
              </value>
            </param>
          </params>
          <reporter-output>
          </reporter-output>
        </test-method> <!-- markMessagesToImportantAndDelete -->
        <test-method status="PASS" signature="after()[pri:0, instance:com.epam.lab.gmail.GmailTest@6b09bb57]" name="after" is-config="true" duration-ms="899" started-at="2017-08-03T16:49:48Z" finished-at="2017-08-03T16:49:49Z">
          <reporter-output>
          </reporter-output>
        </test-method> <!-- after -->
        <test-method status="PASS" signature="markMessagesToImportantAndDelete(com.epam.lab.gmail.models.User)[pri:0, instance:com.epam.lab.gmail.GmailTest@6b09bb57]" name="markMessagesToImportantAndDelete" duration-ms="34033" started-at="2017-08-03T16:49:49Z" data-provider="getUsers" finished-at="2017-08-03T16:50:23Z">
          <params>
            <param index="0">
              <value>
                <![CDATA[User [login=Micle.AutomationBudda2017@gmail.com, password=TheSkyIsShiningBricly1]]]>
              </value>
            </param>
          </params>
          <reporter-output>
          </reporter-output>
        </test-method> <!-- markMessagesToImportantAndDelete -->
        <test-method status="PASS" signature="after()[pri:0, instance:com.epam.lab.gmail.GmailTest@6b09bb57]" name="after" is-config="true" duration-ms="879" started-at="2017-08-03T16:50:23Z" finished-at="2017-08-03T16:50:24Z">
          <reporter-output>
          </reporter-output>
        </test-method> <!-- after -->
      </class> <!-- com.epam.lab.gmail.GmailTest -->
    </test> <!-- Test -->
  </suite> <!-- Suite -->
</testng-results>
